digraph Tree {
node [shape=box] ;
0 [label="X[13] <= 2.5\ngini = 0.9\nsamples = 150\nvalue = [15, 15, 15, 15, 15, 15, 15, 15, 15, 15]"] ;
1 [label="X[50] <= 0.5\ngini = 0.6559\nsamples = 36\nvalue = [0, 0, 4, 0, 15, 0, 14, 0, 0, 3]"] ;
0 -> 1 [labeldistance=2.5, labelangle=45, headlabel="True"] ;
2 [label="gini = 0.0\nsamples = 15\nvalue = [0, 0, 0, 0, 15, 0, 0, 0, 0, 0]"] ;
1 -> 2 ;
3 [label="X[20] <= 9.5\ngini = 0.4989\nsamples = 21\nvalue = [0, 0, 4, 0, 0, 0, 14, 0, 0, 3]"] ;
1 -> 3 ;
4 [label="gini = 0.0\nsamples = 14\nvalue = [0, 0, 0, 0, 0, 0, 14, 0, 0, 0]"] ;
3 -> 4 ;
5 [label="X[45] <= 2.5\ngini = 0.4898\nsamples = 7\nvalue = [0, 0, 4, 0, 0, 0, 0, 0, 0, 3]"] ;
3 -> 5 ;
6 [label="gini = 0.0\nsamples = 4\nvalue = [0, 0, 4, 0, 0, 0, 0, 0, 0, 0]"] ;
5 -> 6 ;
7 [label="gini = 0.0\nsamples = 3\nvalue = [0, 0, 0, 0, 0, 0, 0, 0, 0, 3]"] ;
5 -> 7 ;
8 [label="X[42] <= 3.5\ngini = 0.8757\nsamples = 114\nvalue = [15, 15, 11, 15, 0, 15, 1, 15, 15, 12]"] ;
0 -> 8 [labeldistance=2.5, labelangle=-45, headlabel="False"] ;
9 [label="X[10] <= 2.0\ngini = 0.7761\nsamples = 60\nvalue = [0, 14, 0, 15, 0, 15, 0, 4, 0, 12]"] ;
8 -> 9 ;
10 [label="X[38] <= 5.5\ngini = 0.1244\nsamples = 15\nvalue = [0, 14, 0, 0, 0, 0, 0, 1, 0, 0]"] ;
9 -> 10 ;
11 [label="gini = 0.0\nsamples = 14\nvalue = [0, 14, 0, 0, 0, 0, 0, 0, 0, 0]"] ;
10 -> 11 ;
12 [label="gini = 0.0\nsamples = 1\nvalue = [0, 0, 0, 0, 0, 0, 0, 1, 0, 0]"] ;
10 -> 12 ;
13 [label="X[18] <= 3.0\ngini = 0.7022\nsamples = 45\nvalue = [0, 0, 0, 15, 0, 15, 0, 3, 0, 12]"] ;
9 -> 13 ;
14 [label="X[35] <= 11.0\ngini = 0.2778\nsamples = 18\nvalue = [0, 0, 0, 15, 0, 0, 0, 3, 0, 0]"] ;
13 -> 14 ;
15 [label="gini = 0.0\nsamples = 15\nvalue = [0, 0, 0, 15, 0, 0, 0, 0, 0, 0]"] ;
14 -> 15 ;
16 [label="gini = 0.0\nsamples = 3\nvalue = [0, 0, 0, 0, 0, 0, 0, 3, 0, 0]"] ;
14 -> 16 ;
17 [label="X[21] <= 9.0\ngini = 0.4938\nsamples = 27\nvalue = [0, 0, 0, 0, 0, 15, 0, 0, 0, 12]"] ;
13 -> 17 ;
18 [label="gini = 0.0\nsamples = 14\nvalue = [0, 0, 0, 0, 0, 14, 0, 0, 0, 0]"] ;
17 -> 18 ;
19 [label="X[3] <= 10.5\ngini = 0.142\nsamples = 13\nvalue = [0, 0, 0, 0, 0, 1, 0, 0, 0, 12]"] ;
17 -> 19 ;
20 [label="gini = 0.0\nsamples = 1\nvalue = [0, 0, 0, 0, 0, 1, 0, 0, 0, 0]"] ;
19 -> 20 ;
21 [label="gini = 0.0\nsamples = 12\nvalue = [0, 0, 0, 0, 0, 0, 0, 0, 0, 12]"] ;
19 -> 21 ;
22 [label="X[38] <= 1.5\ngini = 0.762\nsamples = 54\nvalue = [15, 1, 11, 0, 0, 0, 1, 11, 15, 0]"] ;
8 -> 22 ;
23 [label="X[27] <= 9.5\ngini = 0.5561\nsamples = 28\nvalue = [0, 1, 11, 0, 0, 0, 1, 0, 15, 0]"] ;
22 -> 23 ;
24 [label="gini = 0.0\nsamples = 11\nvalue = [0, 0, 11, 0, 0, 0, 0, 0, 0, 0]"] ;
23 -> 24 ;
25 [label="X[2] <= 2.0\ngini = 0.2145\nsamples = 17\nvalue = [0, 1, 0, 0, 0, 0, 1, 0, 15, 0]"] ;
23 -> 25 ;
26 [label="X[12] <= 14.5\ngini = 0.5\nsamples = 2\nvalue = [0, 1, 0, 0, 0, 0, 1, 0, 0, 0]"] ;
25 -> 26 ;
27 [label="gini = 0.0\nsamples = 1\nvalue = [0, 0, 0, 0, 0, 0, 1, 0, 0, 0]"] ;
26 -> 27 ;
28 [label="gini = 0.0\nsamples = 1\nvalue = [0, 1, 0, 0, 0, 0, 0, 0, 0, 0]"] ;
26 -> 28 ;
29 [label="gini = 0.0\nsamples = 15\nvalue = [0, 0, 0, 0, 0, 0, 0, 0, 15, 0]"] ;
25 -> 29 ;
30 [label="X[53] <= 7.5\ngini = 0.4882\nsamples = 26\nvalue = [15, 0, 0, 0, 0, 0, 0, 11, 0, 0]"] ;
22 -> 30 ;
31 [label="gini = 0.0\nsamples = 11\nvalue = [0, 0, 0, 0, 0, 0, 0, 11, 0, 0]"] ;
30 -> 31 ;
32 [label="gini = 0.0\nsamples = 15\nvalue = [15, 0, 0, 0, 0, 0, 0, 0, 0, 0]"] ;
30 -> 32 ;
}